<?xml version="1.0" encoding="UTF-8" ?>
<testsuite tests="2" failures="0" name="org.jenkins.maven.integration.JenkinsCalculatorTest" time="0.007" errors="0" skipped="0">
  <properties>
    <property name="java.runtime.name" value="Java(TM) SE Runtime Environment"/>
    <property name="java.vm.version" value="11.0.4+10-LTS"/>
    <property name="sun.boot.library.path" value="C:\Softwares\Java\jdk-11.0.4\bin"/>
    <property name="maven.multiModuleProjectDirectory" value="C:\ALM\stubs\simulateALM\jenkinsMavenIntegration"/>
    <property name="java.vm.vendor" value="Oracle Corporation"/>
    <property name="java.vendor.url" value="http://java.oracle.com/"/>
    <property name="guice.disable.misplaced.annotation.check" value="true"/>
    <property name="path.separator" value=";"/>
    <property name="java.vm.name" value="Java HotSpot(TM) 64-Bit Server VM"/>
    <property name="sun.os.patch.level" value=""/>
    <property name="user.script" value=""/>
    <property name="user.country" value="IN"/>
    <property name="sun.java.launcher" value="SUN_STANDARD"/>
    <property name="java.vm.specification.name" value="Java Virtual Machine Specification"/>
    <property name="user.dir" value="C:\ALM\stubs\simulateALM\jenkinsMavenIntegration"/>
    <property name="java.vm.compressedOopsMode" value="32-bit"/>
    <property name="java.runtime.version" value="11.0.4+10-LTS"/>
    <property name="java.awt.graphicsenv" value="sun.awt.Win32GraphicsEnvironment"/>
    <property name="os.arch" value="amd64"/>
    <property name="java.io.tmpdir" value="C:\Users\MANUJA~1\AppData\Local\Temp\"/>
    <property name="line.separator" value="
"/>
    <property name="java.vm.specification.vendor" value="Oracle Corporation"/>
    <property name="user.variant" value=""/>
    <property name="os.name" value="Windows 10"/>
    <property name="classworlds.conf" value="C:\ALM\stubs\simulateALM\.metadata\.plugins\org.eclipse.m2e.launching\launches\m2conf12666525760516985986.tmp"/>
    <property name="sun.jnu.encoding" value="Cp1252"/>
    <property name="java.library.path" value="C:\Softwares\Java\jdk-11.0.4\bin;C:\WINDOWS\Sun\Java\bin;C:\WINDOWS\system32;C:\WINDOWS;C:/Softwares/Java/jdk-11.0.4/bin/server;C:/Softwares/Java/jdk-11.0.4/bin;C:\Softwares\Java\jdk-11.0.4\bin;C:\Program Files (x86)\Common Files\Oracle\Java\javapath;C:\app\ManuJadli\product\11.1.0\db_2\bin;C:\oracle\app\product\11.1.0\db_1\bin;C:\ProgramData\Oracle\Java\javapath;C:\WINDOWS\system32;C:\WINDOWS;C:\WINDOWS\System32\Wbem;C:\WINDOWS\System32\WindowsPowerShell\v1.0\;C:\WINDOWS\System32\OpenSSH\;C:\Softwares\Maven\apache-maven-3.6.0-bin\apache-maven-3.6.0\bin;C:\Program Files\PuTTY\;C:\Softwares\Gradle\Binary\gradle-5.3.1\bin;C:\Program Files\Microsoft\Web Platform Installer\;C:\Program Files (x86)\Microsoft ASP.NET\ASP.NET Web Pages\v1.0\;C:\Program Files\Microsoft SQL Server\110\Tools\Binn\;C:\Program Files\IBM\Cloud\bin;C:\Program Files (x86)\Bitvise SSH Client;C:\Program Files\nodejs\;C:\Softwares\SonarQuebe\sonar-runner-dist-2.4\sonar-runner-2.4\bin;C:\Program Files\Git\cmd;C:\Program Files (x86)\Webex\Webex\Applications;C:\Program Files\Intel\WiFi\bin\;C:\Program Files\Common Files\Intel\WirelessCommon\;C:\Users\ManuJadli\AppData\Local\Programs\Python\Python37-32;C:\Users\ManuJadli\AppData\Local\Programs\Python\Python37-32\Scripts;C:\Users\ManuJadli\AppData\Local\Microsoft\WindowsApps;C:\Users\ManuJadli\AppData\Roaming\npm;C:\Users\ManuJadli\AppData\Local\Programs\Microsoft VS Code\bin;C:\Users\ManuJadli\AppData\Local\atom\bin;%USERPROFILE%\AppData\Local\Microsoft\WindowsApps;;C:\Softwares\STS\spring-tool-suite-4-4.1.1.RELEASE-e4.10.0-win32.win32.x86_64\sts-4.1.1.RELEASE;;."/>
    <property name="jdk.debug" value="release"/>
    <property name="java.class.version" value="55.0"/>
    <property name="java.specification.name" value="Java Platform API Specification"/>
    <property name="sun.management.compiler" value="HotSpot 64-Bit Tiered Compilers"/>
    <property name="os.version" value="10.0"/>
    <property name="user.home" value="C:\Users\ManuJadli"/>
    <property name="user.timezone" value="Asia/Calcutta"/>
    <property name="java.awt.printerjob" value="sun.awt.windows.WPrinterJob"/>
    <property name="file.encoding" value="Cp1252"/>
    <property name="java.specification.version" value="11"/>
    <property name="user.name" value="ManuJadli"/>
    <property name="java.class.path" value="C:\Softwares\STS\spring-tool-suite-4-4.1.1.RELEASE-e4.10.0-win32.win32.x86_64\sts-4.1.1.RELEASE\plugins\org.eclipse.m2e.maven.runtime_1.10.0.20181127-2120\jars\plexus-classworlds-2.5.2.jar"/>
    <property name="java.vm.specification.version" value="11"/>
    <property name="sun.arch.data.model" value="64"/>
    <property name="sun.java.command" value="org.codehaus.plexus.classworlds.launcher.Launcher -B -s C:\Softwares\Maven\apache-maven-3.6.0-bin\apache-maven-3.6.0\conf\settings.xml clean test"/>
    <property name="java.home" value="C:\Softwares\Java\jdk-11.0.4"/>
    <property name="user.language" value="en"/>
    <property name="java.specification.vendor" value="Oracle Corporation"/>
    <property name="awt.toolkit" value="sun.awt.windows.WToolkit"/>
    <property name="java.vm.info" value="mixed mode"/>
    <property name="java.version" value="11.0.4"/>
    <property name="java.vendor" value="Oracle Corporation"/>
    <property name="maven.home" value="C:\ALM\stubs\simulateALM\jenkinsMavenIntegration\EMBEDDED"/>
    <property name="file.separator" value="\"/>
    <property name="java.version.date" value="2019-07-16"/>
    <property name="java.vendor.url.bug" value="http://bugreport.java.com/bugreport/"/>
    <property name="sun.io.unicode.encoding" value="UnicodeLittle"/>
    <property name="sun.cpu.endian" value="little"/>
    <property name="java.vendor.version" value="18.9"/>
    <property name="sun.desktop" value="windows"/>
    <property name="sun.cpu.isalist" value="amd64"/>
  </properties>
  <testcase classname="org.jenkins.maven.integration.JenkinsCalculatorTest" name="addTwoNumbersTest" time="0.007"/>
  <testcase classname="org.jenkins.maven.integration.JenkinsCalculatorTest" name="substractTwoNumbersTest" time="0"/>
</testsuite>